<?xml version="1.0" encoding="UTF-8"?>
<!-- Generated by org.testng.reporters.JUnitXMLReporter -->
<testsuite ignored="0" hostname="DESKTOP-OH11M1P" failures="0" tests="15" name="Surefire test" time="20.042" errors="0" timestamp="2021-02-13T21:36:33 IST">
  <testcase classname="com.captialfloat.restassured.binid.JsonBinTest" name="createDataTest" time="4.838"/>
  <testcase classname="com.captialfloat.restassured.binid.JsonBinTest" name="createDataByInvalidSecureKey" time="1.089"/>
  <testcase classname="com.captialfloat.restassured.binid.JsonBinTest" name="createDataWithoutSecretKey" time="1.124"/>
  <testcase classname="com.captialfloat.restassured.binid.JsonBinTest" name="getDataByIdTest" time="0.833"/>
  <testcase classname="com.captialfloat.restassured.binid.JsonBinTest" name="getDataByWrongVesionZeroTest" time="1.12"/>
  <testcase classname="com.captialfloat.restassured.binid.JsonBinTest" name="getDataByWrongBinId" time="1.136"/>
  <testcase classname="com.captialfloat.restassured.binid.JsonBinTest" name="getDataByNagativeVesionTest" time="1.06"/>
  <testcase classname="com.captialfloat.restassured.binid.JsonBinTest" name="updateDataByIdTest" time="1.087"/>
  <testcase classname="com.captialfloat.restassured.binid.JsonBinTest" name="getDataByVesionOneTest" time="1.114"/>
  <testcase classname="com.captialfloat.restassured.binid.JsonBinTest" name="withouScretKeyTest" time="1.057"/>
  <testcase classname="com.captialfloat.restassured.binid.JsonBinTest" name="updateDataInvalidBinIdTest" time="1.017"/>
  <testcase classname="com.captialfloat.restassured.binid.JsonBinTest" name="updateDataWithoutSecureKeyTest" time="1.134"/>
  <testcase classname="com.captialfloat.restassured.binid.JsonBinTest" name="deleteDataByBinIdTest" time="1.154"/>
  <testcase classname="com.captialfloat.restassured.binid.JsonBinTest" name="deleteDataByInvalidBinIdTest" time="1.073"/>
  <testcase classname="com.captialfloat.restassured.binid.JsonBinTest" name="deleteDataWithoutSecretKeyTest" time="1.126"/>
</testsuite> <!-- Surefire test -->
