<?xml version="1.0" encoding="UTF-8"?>
<!-- Generated by org.testng.reporters.JUnitXMLReporter -->
<testsuite ignored="0" hostname="DESKTOP-OH11M1P" failures="0" tests="15" name="Default test" time="8.158" errors="0" timestamp="2021-02-14T10:08:08 IST">
  <testcase classname="com.captialfloat.restassured.binid.JsonBinTest" name="createDataTest" time="3.929"/>
  <testcase classname="com.captialfloat.restassured.binid.JsonBinTest" name="createDataByInvalidSecureKey" time="0.26"/>
  <testcase classname="com.captialfloat.restassured.binid.JsonBinTest" name="createDataWithoutSecretKey" time="0.371"/>
  <testcase classname="com.captialfloat.restassured.binid.JsonBinTest" name="getDataByIdTest" time="0.292"/>
  <testcase classname="com.captialfloat.restassured.binid.JsonBinTest" name="getDataByWrongVesionZeroTest" time="0.247"/>
  <testcase classname="com.captialfloat.restassured.binid.JsonBinTest" name="getDataByWrongBinId" time="0.295"/>
  <testcase classname="com.captialfloat.restassured.binid.JsonBinTest" name="getDataByNagativeVesionTest" time="0.362"/>
  <testcase classname="com.captialfloat.restassured.binid.JsonBinTest" name="updateDataByIdTest" time="0.415"/>
  <testcase classname="com.captialfloat.restassured.binid.JsonBinTest" name="getDataByVesionOneTest" time="0.428"/>
  <testcase classname="com.captialfloat.restassured.binid.JsonBinTest" name="withouScretKeyTest" time="0.254"/>
  <testcase classname="com.captialfloat.restassured.binid.JsonBinTest" name="updateDataInvalidBinIdTest" time="0.233"/>
  <testcase classname="com.captialfloat.restassured.binid.JsonBinTest" name="updateDataWithoutSecureKeyTest" time="0.272"/>
  <testcase classname="com.captialfloat.restassured.binid.JsonBinTest" name="deleteDataByBinIdTest" time="0.235"/>
  <testcase classname="com.captialfloat.restassured.binid.JsonBinTest" name="deleteDataByInvalidBinIdTest" time="0.219"/>
  <testcase classname="com.captialfloat.restassured.binid.JsonBinTest" name="deleteDataWithoutSecretKeyTest" time="0.236"/>
</testsuite> <!-- Default test -->
