<?xml version="1.0" encoding="UTF-8"?>
<testsuite xmlns:xsi="http://www.w3.org/2001/XMLSchema-instance" xsi:noNamespaceSchemaLocation="https://maven.apache.org/surefire/maven-surefire-plugin/xsd/surefire-test-report.xsd" name="com.captialfloat.restassured.binid.JsonBinTest" time="20.594" tests="15" errors="0" skipped="0" failures="0">
  <properties>
[...]
</properties>
  <testcase name="createDataTest" classname="com.captialfloat.restassured.binid.JsonBinTest" time="4.84"/>
  <testcase name="createDataByInvalidSecureKey" classname="com.captialfloat.restassured.binid.JsonBinTest" time="1.09"/>
  <testcase name="createDataWithoutSecretKey" classname="com.captialfloat.restassured.binid.JsonBinTest" time="1.125"/>
  <testcase name="getDataByIdTest" classname="com.captialfloat.restassured.binid.JsonBinTest" time="0.831"/>
  <testcase name="getDataByWrongVesionZeroTest" classname="com.captialfloat.restassured.binid.JsonBinTest" time="1.122"/>
  <testcase name="getDataByWrongBinId" classname="com.captialfloat.restassured.binid.JsonBinTest" time="1.135"/>
  <testcase name="getDataByNagativeVesionTest" classname="com.captialfloat.restassured.binid.JsonBinTest" time="1.06"/>
  <testcase name="updateDataByIdTest" classname="com.captialfloat.restassured.binid.JsonBinTest" time="1.087"/>
  <testcase name="getDataByVesionOneTest" classname="com.captialfloat.restassured.binid.JsonBinTest" time="1.115"/>
  <testcase name="withouScretKeyTest" classname="com.captialfloat.restassured.binid.JsonBinTest" time="1.056"/>
  <testcase name="updateDataInvalidBinIdTest" classname="com.captialfloat.restassured.binid.JsonBinTest" time="1.016"/>
  <testcase name="updateDataWithoutSecureKeyTest" classname="com.captialfloat.restassured.binid.JsonBinTest" time="1.136"/>
  <testcase name="deleteDataByBinIdTest" classname="com.captialfloat.restassured.binid.JsonBinTest" time="1.154"/>
  <testcase name="deleteDataByInvalidBinIdTest" classname="com.captialfloat.restassured.binid.JsonBinTest" time="1.074"/>
  <testcase name="deleteDataWithoutSecretKeyTest" classname="com.captialfloat.restassured.binid.JsonBinTest" time="1.124"/>
</testsuite>